  MainWindow.cpp
c:\users\inisigme\documents\visual studio 2015\projects\dymsymulacja\dymsymulacja\Emiter.h(28): warning C4305: 'initializing': truncation from 'double' to 'GLfloat'
MainWindow.cpp(97): warning C4996: '_sleep': This function or variable has been superceded by newer library or operating system functionality. Consider using Sleep instead. See online help for details.
  C:\Program Files (x86)\Windows Kits\10\Include\10.0.10240.0\ucrt\stdlib.h(1266): note: see declaration of '_sleep'
  main.cpp
c:\users\inisigme\documents\visual studio 2015\projects\dymsymulacja\dymsymulacja\Emiter.h(28): warning C4305: 'initializing': truncation from 'double' to 'GLfloat'
main.cpp(20): warning C4305: '=': truncation from 'double' to 'GLfloat'
  Generating code
  9 of 501 functions ( 1.8%) were compiled, the rest were copied from previous compilation.
    0 functions were new in current compilation
    11 functions had inline decision re-evaluated but remain unchanged
  Finished generating code
Emiter.obj : warning LNK4049: locally defined symbol __glewUniform3f imported
Emiter.obj : warning LNK4049: locally defined symbol __glewUniformMatrix4fv imported
Emiter.obj : warning LNK4049: locally defined symbol __glewGetUniformLocation imported
Emiter.obj : warning LNK4049: locally defined symbol __glewUniform1f imported
Emiter.obj : warning LNK4049: locally defined symbol __glewUniformMatrix4x3fv imported
Emiter.obj : warning LNK4049: locally defined symbol __glewUseProgram imported
Emiter.obj : warning LNK4049: locally defined symbol __glewBindVertexArray imported
Krzyzyk.obj : warning LNK4049: locally defined symbol __glewGenBuffers imported
Krzyzyk.obj : warning LNK4049: locally defined symbol __glewGenVertexArrays imported
Krzyzyk.obj : warning LNK4049: locally defined symbol __glewAttachShader imported
Krzyzyk.obj : warning LNK4049: locally defined symbol __glewBufferData imported
Krzyzyk.obj : warning LNK4049: locally defined symbol __glewBufferSubData imported
Krzyzyk.obj : warning LNK4049: locally defined symbol __glewCreateProgram imported
Krzyzyk.obj : warning LNK4049: locally defined symbol __glewBindBuffer imported
Krzyzyk.obj : warning LNK4049: locally defined symbol __glewVertexAttribPointer imported
Krzyzyk.obj : warning LNK4049: locally defined symbol __glewEnableVertexAttribArray imported
Program1.obj : warning LNK4049: locally defined symbol __glewDeleteBuffers imported
Program1.obj : warning LNK4049: locally defined symbol __glewDeleteProgram imported
Program1.obj : warning LNK4049: locally defined symbol __glewDeleteVertexArrays imported
ShaderProgram.obj : warning LNK4049: locally defined symbol __glewBindFramebuffer imported
ShaderProgram.obj : warning LNK4049: locally defined symbol __glewGenFramebuffers imported
ShaderProgram.obj : warning LNK4049: locally defined symbol __glewCheckFramebufferStatus imported
ShaderProgram.obj : warning LNK4049: locally defined symbol __glewViewportIndexedf imported
ShaderProgram.obj : warning LNK4049: locally defined symbol __glewUniform1i imported
ShaderProgram.obj : warning LNK4049: locally defined symbol __glewFramebufferTexture imported
ShaderProgram.obj : warning LNK4049: locally defined symbol __glewTexImage3D imported
Skybox.obj : warning LNK4049: locally defined symbol __glewGenerateMipmap imported
Skybox.obj : warning LNK4049: locally defined symbol __glewActiveTexture imported
System2.obj : warning LNK4049: locally defined symbol __glewBlendEquation imported
Window.obj : warning LNK4049: locally defined symbol glewInit imported
Window.obj : warning LNK4049: locally defined symbol glewGetErrorString imported
glew32s.lib(glew.obj) : warning LNK4099: PDB 'vc120.pdb' was not found with 'glew32s.lib(glew.obj)' or at 'C:\Users\Inisigme\documents\visual studio 2015\Projects\DymSymulacja\x64\Release\vc120.pdb'; linking object as if no debug info
  DymSymulacja.vcxproj -> C:\Users\Inisigme\documents\visual studio 2015\Projects\DymSymulacja\x64\Release\DymSymulacja.exe
  DymSymulacja.vcxproj -> C:\Users\Inisigme\documents\visual studio 2015\Projects\DymSymulacja\x64\Release\DymSymulacja.pdb (Full PDB)
