c:\users\inisigme\documents\visual studio 2015\projects\dymsymulacja\dymsymulacja\x64\release\vc140.pdb
c:\users\inisigme\documents\visual studio 2015\projects\dymsymulacja\dymsymulacja\x64\release\shaders.obj
c:\users\inisigme\documents\visual studio 2015\projects\dymsymulacja\dymsymulacja\x64\release\view.obj
c:\users\inisigme\documents\visual studio 2015\projects\dymsymulacja\dymsymulacja\x64\release\program1.obj
c:\users\inisigme\documents\visual studio 2015\projects\dymsymulacja\dymsymulacja\x64\release\main.obj
c:\users\inisigme\documents\visual studio 2015\projects\dymsymulacja\dymsymulacja\x64\release\window.obj
c:\users\inisigme\documents\visual studio 2015\projects\dymsymulacja\dymsymulacja\x64\release\textures.obj
c:\users\inisigme\documents\visual studio 2015\projects\dymsymulacja\dymsymulacja\x64\release\system1.obj
c:\users\inisigme\documents\visual studio 2015\projects\dymsymulacja\dymsymulacja\x64\release\uklad.obj
c:\users\inisigme\documents\visual studio 2015\projects\dymsymulacja\dymsymulacja\x64\release\krzyzyk.obj
c:\users\inisigme\documents\visual studio 2015\projects\dymsymulacja\dymsymulacja\x64\release\shaderprogram.obj
c:\users\inisigme\documents\visual studio 2015\projects\dymsymulacja\dymsymulacja\x64\release\system2.obj
c:\users\inisigme\documents\visual studio 2015\projects\dymsymulacja\dymsymulacja\x64\release\wszystko.obj
c:\users\inisigme\documents\visual studio 2015\projects\dymsymulacja\dymsymulacja\x64\release\skybox.obj
c:\users\inisigme\documents\visual studio 2015\projects\dymsymulacja\dymsymulacja\x64\release\symulacja.obj
c:\users\inisigme\documents\visual studio 2015\projects\dymsymulacja\x64\release\dymsymulacja.exe
c:\users\inisigme\documents\visual studio 2015\projects\dymsymulacja\x64\release\dymsymulacja.ipdb
c:\users\inisigme\documents\visual studio 2015\projects\dymsymulacja\x64\release\dymsymulacja.iobj
c:\users\inisigme\documents\visual studio 2015\projects\dymsymulacja\x64\release\dymsymulacja.pdb
c:\users\inisigme\documents\visual studio 2015\projects\dymsymulacja\dymsymulacja\x64\release\dymsymulacja.tlog\cl.command.1.tlog
c:\users\inisigme\documents\visual studio 2015\projects\dymsymulacja\dymsymulacja\x64\release\dymsymulacja.tlog\cl.read.1.tlog
c:\users\inisigme\documents\visual studio 2015\projects\dymsymulacja\dymsymulacja\x64\release\dymsymulacja.tlog\cl.write.1.tlog
c:\users\inisigme\documents\visual studio 2015\projects\dymsymulacja\dymsymulacja\x64\release\dymsymulacja.tlog\link.command.1.tlog
c:\users\inisigme\documents\visual studio 2015\projects\dymsymulacja\dymsymulacja\x64\release\dymsymulacja.tlog\link.read.1.tlog
c:\users\inisigme\documents\visual studio 2015\projects\dymsymulacja\dymsymulacja\x64\release\dymsymulacja.tlog\link.write.1.tlog
